Building DAG of jobs...
Using shell: /usr/bin/bash
Provided cores: 8
Rules claiming more threads will be scaled down.
Job stats:
job                 count
----------------  -------
all                     1
assemble_dataset        4
augur_ancestral         4
augur_clades            4
augur_export            4
augur_translate         4
colors                  4
total                  25

Select jobs to execute...
Execute 8 jobs...

[Mon Sep  9 15:32:09 2024]
localrule augur_ancestral:
    input: resources/denv4/tree.nwk, resources/denv4/aligned.fasta, resources/denv4/reference.fasta
    output: results/denv4/nt_muts.json
    jobid: 23
    reason: Missing output files: results/denv4/nt_muts.json
    wildcards: build_name=denv4
    resources: tmpdir=/tmp


[Mon Sep  9 15:32:09 2024]
localrule augur_ancestral:
    input: resources/denv1/tree.nwk, resources/denv1/aligned.fasta, resources/denv1/reference.fasta
    output: results/denv1/nt_muts.json
    jobid: 5
    reason: Missing output files: results/denv1/nt_muts.json
    wildcards: build_name=denv1
    resources: tmpdir=/tmp


[Mon Sep  9 15:32:09 2024]
localrule colors:
    input: resources/color_ordering.tsv, resources/color_schemes.tsv, resources/metadata.tsv
    output: results/denv3/colors.tsv
    jobid: 15
    reason: Missing output files: results/denv3/colors.tsv
    wildcards: build_name=denv3
    resources: tmpdir=/tmp


[Mon Sep  9 15:32:09 2024]
localrule augur_ancestral:
    input: resources/denv3/tree.nwk, resources/denv3/aligned.fasta, resources/denv3/reference.fasta
    output: results/denv3/nt_muts.json
    jobid: 17
    reason: Missing output files: results/denv3/nt_muts.json
    wildcards: build_name=denv3
    resources: tmpdir=/tmp


[Mon Sep  9 15:32:09 2024]
localrule colors:
    input: resources/color_ordering.tsv, resources/color_schemes.tsv, resources/metadata.tsv
    output: results/denv2/colors.tsv
    jobid: 9
    reason: Missing output files: results/denv2/colors.tsv
    wildcards: build_name=denv2
    resources: tmpdir=/tmp


[Mon Sep  9 15:32:09 2024]
localrule augur_ancestral:
    input: resources/denv2/tree.nwk, resources/denv2/aligned.fasta, resources/denv2/reference.fasta
    output: results/denv2/nt_muts.json
    jobid: 11
    reason: Missing output files: results/denv2/nt_muts.json
    wildcards: build_name=denv2
    resources: tmpdir=/tmp


[Mon Sep  9 15:32:09 2024]
localrule colors:
    input: resources/color_ordering.tsv, resources/color_schemes.tsv, resources/metadata.tsv
    output: results/denv1/colors.tsv
    jobid: 3
    reason: Missing output files: results/denv1/colors.tsv
    wildcards: build_name=denv1
    resources: tmpdir=/tmp


[Mon Sep  9 15:32:09 2024]
localrule colors:
    input: resources/color_ordering.tsv, resources/color_schemes.tsv, resources/metadata.tsv
    output: results/denv4/colors.tsv
    jobid: 21
    reason: Missing output files: results/denv4/colors.tsv
    wildcards: build_name=denv4
    resources: tmpdir=/tmp

[Mon Sep  9 15:32:09 2024]
Finished job 3.
1 of 25 steps (4%) done
[Mon Sep  9 15:32:09 2024]
Finished job 9.
2 of 25 steps (8%) done
[Mon Sep  9 15:32:09 2024]
Finished job 15.
3 of 25 steps (12%) done
[Mon Sep  9 15:32:09 2024]
Finished job 21.
4 of 25 steps (16%) done
[Mon Sep  9 15:32:12 2024]
Finished job 23.
5 of 25 steps (20%) done
Select jobs to execute...
Execute 1 jobs...

[Mon Sep  9 15:32:12 2024]
localrule augur_translate:
    input: resources/denv4/tree.nwk, resources/denv4/reference.gb, results/denv4/nt_muts.json
    output: results/denv4/aa_muts.json
    jobid: 24
    reason: Missing output files: results/denv4/aa_muts.json; Input files updated by another job: results/denv4/nt_muts.json
    wildcards: build_name=denv4
    resources: tmpdir=/tmp

[Mon Sep  9 15:32:12 2024]
Finished job 17.
6 of 25 steps (24%) done
Select jobs to execute...
Execute 1 jobs...

[Mon Sep  9 15:32:12 2024]
localrule augur_translate:
    input: resources/denv3/tree.nwk, resources/denv3/reference.gb, results/denv3/nt_muts.json
    output: results/denv3/aa_muts.json
    jobid: 18
    reason: Missing output files: results/denv3/aa_muts.json; Input files updated by another job: results/denv3/nt_muts.json
    wildcards: build_name=denv3
    resources: tmpdir=/tmp

[Mon Sep  9 15:32:13 2024]
Finished job 24.
7 of 25 steps (28%) done
Select jobs to execute...
Execute 1 jobs...

[Mon Sep  9 15:32:13 2024]
localrule augur_clades:
    input: resources/denv4/tree.nwk, results/denv4/nt_muts.json, results/denv4/aa_muts.json, resources/denv4/clades.tsv
    output: results/denv4/clades.json
    jobid: 22
    reason: Missing output files: results/denv4/clades.json; Input files updated by another job: results/denv4/aa_muts.json, results/denv4/nt_muts.json
    wildcards: build_name=denv4
    resources: tmpdir=/tmp

[Mon Sep  9 15:32:13 2024]
Finished job 18.
8 of 25 steps (32%) done
Select jobs to execute...
Execute 1 jobs...

[Mon Sep  9 15:32:13 2024]
localrule augur_clades:
    input: resources/denv3/tree.nwk, results/denv3/nt_muts.json, results/denv3/aa_muts.json, resources/denv3/clades.tsv
    output: results/denv3/clades.json
    jobid: 16
    reason: Missing output files: results/denv3/clades.json; Input files updated by another job: results/denv3/nt_muts.json, results/denv3/aa_muts.json
    wildcards: build_name=denv3
    resources: tmpdir=/tmp

[Mon Sep  9 15:32:13 2024]
Finished job 22.
9 of 25 steps (36%) done
Select jobs to execute...
Execute 1 jobs...

[Mon Sep  9 15:32:13 2024]
localrule augur_export:
    input: results/denv4/colors.tsv, resources/denv4/tree.nwk, resources/metadata.tsv, results/denv4/clades.json, results/denv4/nt_muts.json, results/denv4/aa_muts.json, resources/denv4/auspice_config.json
    output: auspice/tree_denv4.json
    jobid: 20
    reason: Missing output files: auspice/tree_denv4.json; Input files updated by another job: results/denv4/aa_muts.json, results/denv4/nt_muts.json, results/denv4/clades.json, results/denv4/colors.tsv
    wildcards: build_name=denv4
    resources: tmpdir=/tmp

[Mon Sep  9 15:32:14 2024]
Finished job 16.
10 of 25 steps (40%) done
Select jobs to execute...
Execute 1 jobs...

[Mon Sep  9 15:32:14 2024]
localrule augur_export:
    input: results/denv3/colors.tsv, resources/denv3/tree.nwk, resources/metadata.tsv, results/denv3/clades.json, results/denv3/nt_muts.json, results/denv3/aa_muts.json, resources/denv3/auspice_config.json
    output: auspice/tree_denv3.json
    jobid: 14
    reason: Missing output files: auspice/tree_denv3.json; Input files updated by another job: results/denv3/nt_muts.json, results/denv3/clades.json, results/denv3/aa_muts.json, results/denv3/colors.tsv
    wildcards: build_name=denv3
    resources: tmpdir=/tmp

[Mon Sep  9 15:32:14 2024]
Finished job 20.
11 of 25 steps (44%) done
Select jobs to execute...
Execute 1 jobs...

[Mon Sep  9 15:32:14 2024]
localrule assemble_dataset:
    input: resources/denv4/reference.fasta, auspice/tree_denv4.json, resources/denv4/pathogen.json, resources/denv4/sequences.fasta, resources/denv4/genome_annotation.gff3, resources/denv4/README.md, resources/denv4/CHANGELOG.md
    output: datasets/denv4/reference.fasta, datasets/denv4/tree.json, datasets/denv4/pathogen.json, datasets/denv4/sequences.fasta, datasets/denv4/genome_annotation.gff3, datasets/denv4/README.md, datasets/denv4/CHANGELOG.md
    jobid: 19
    reason: Missing output files: datasets/denv4/CHANGELOG.md, datasets/denv4/pathogen.json, datasets/denv4/README.md, datasets/denv4/sequences.fasta, datasets/denv4/genome_annotation.gff3; Input files updated by another job: auspice/tree_denv4.json
    wildcards: build_name=denv4
    resources: tmpdir=/tmp

[Mon Sep  9 15:32:14 2024]
Finished job 19.
12 of 25 steps (48%) done
[Mon Sep  9 15:32:15 2024]
Finished job 14.
13 of 25 steps (52%) done
Select jobs to execute...
Execute 1 jobs...

[Mon Sep  9 15:32:15 2024]
localrule assemble_dataset:
    input: resources/denv3/reference.fasta, auspice/tree_denv3.json, resources/denv3/pathogen.json, resources/denv3/sequences.fasta, resources/denv3/genome_annotation.gff3, resources/denv3/README.md, resources/denv3/CHANGELOG.md
    output: datasets/denv3/reference.fasta, datasets/denv3/tree.json, datasets/denv3/pathogen.json, datasets/denv3/sequences.fasta, datasets/denv3/genome_annotation.gff3, datasets/denv3/README.md, datasets/denv3/CHANGELOG.md
    jobid: 13
    reason: Missing output files: datasets/denv3/genome_annotation.gff3, datasets/denv3/pathogen.json, datasets/denv3/README.md, datasets/denv3/CHANGELOG.md, datasets/denv3/sequences.fasta; Input files updated by another job: auspice/tree_denv3.json
    wildcards: build_name=denv3
    resources: tmpdir=/tmp

[Mon Sep  9 15:32:15 2024]
Finished job 13.
14 of 25 steps (56%) done
[Mon Sep  9 15:32:16 2024]
Finished job 5.
15 of 25 steps (60%) done
Select jobs to execute...
Execute 1 jobs...

[Mon Sep  9 15:32:16 2024]
localrule augur_translate:
    input: resources/denv1/tree.nwk, resources/denv1/reference.gb, results/denv1/nt_muts.json
    output: results/denv1/aa_muts.json
    jobid: 6
    reason: Missing output files: results/denv1/aa_muts.json; Input files updated by another job: results/denv1/nt_muts.json
    wildcards: build_name=denv1
    resources: tmpdir=/tmp

[Mon Sep  9 15:32:17 2024]
Finished job 11.
16 of 25 steps (64%) done
Select jobs to execute...
Execute 1 jobs...

[Mon Sep  9 15:32:17 2024]
localrule augur_translate:
    input: resources/denv2/tree.nwk, resources/denv2/reference.gb, results/denv2/nt_muts.json
    output: results/denv2/aa_muts.json
    jobid: 12
    reason: Missing output files: results/denv2/aa_muts.json; Input files updated by another job: results/denv2/nt_muts.json
    wildcards: build_name=denv2
    resources: tmpdir=/tmp

[Mon Sep  9 15:32:17 2024]
Finished job 6.
17 of 25 steps (68%) done
Select jobs to execute...
Execute 1 jobs...

[Mon Sep  9 15:32:17 2024]
localrule augur_clades:
    input: resources/denv1/tree.nwk, results/denv1/nt_muts.json, results/denv1/aa_muts.json, resources/denv1/clades.tsv
    output: results/denv1/clades.json
    jobid: 4
    reason: Missing output files: results/denv1/clades.json; Input files updated by another job: results/denv1/nt_muts.json, results/denv1/aa_muts.json
    wildcards: build_name=denv1
    resources: tmpdir=/tmp

[Mon Sep  9 15:32:18 2024]
Finished job 4.
18 of 25 steps (72%) done
Select jobs to execute...
Execute 1 jobs...

[Mon Sep  9 15:32:18 2024]
localrule augur_export:
    input: results/denv1/colors.tsv, resources/denv1/tree.nwk, resources/metadata.tsv, results/denv1/clades.json, results/denv1/nt_muts.json, results/denv1/aa_muts.json, resources/denv1/auspice_config.json
    output: auspice/tree_denv1.json
    jobid: 2
    reason: Missing output files: auspice/tree_denv1.json; Input files updated by another job: results/denv1/nt_muts.json, results/denv1/aa_muts.json, results/denv1/clades.json, results/denv1/colors.tsv
    wildcards: build_name=denv1
    resources: tmpdir=/tmp

[Mon Sep  9 15:32:18 2024]
Finished job 12.
19 of 25 steps (76%) done
Select jobs to execute...
Execute 1 jobs...

[Mon Sep  9 15:32:18 2024]
localrule augur_clades:
    input: resources/denv2/tree.nwk, results/denv2/nt_muts.json, results/denv2/aa_muts.json, resources/denv2/clades.tsv
    output: results/denv2/clades.json
    jobid: 10
    reason: Missing output files: results/denv2/clades.json; Input files updated by another job: results/denv2/nt_muts.json, results/denv2/aa_muts.json
    wildcards: build_name=denv2
    resources: tmpdir=/tmp

[Mon Sep  9 15:32:19 2024]
Finished job 2.
20 of 25 steps (80%) done
Select jobs to execute...
Execute 1 jobs...

[Mon Sep  9 15:32:19 2024]
localrule assemble_dataset:
    input: resources/denv1/reference.fasta, auspice/tree_denv1.json, resources/denv1/pathogen.json, resources/denv1/sequences.fasta, resources/denv1/genome_annotation.gff3, resources/denv1/README.md, resources/denv1/CHANGELOG.md
    output: datasets/denv1/reference.fasta, datasets/denv1/tree.json, datasets/denv1/pathogen.json, datasets/denv1/sequences.fasta, datasets/denv1/genome_annotation.gff3, datasets/denv1/README.md, datasets/denv1/CHANGELOG.md
    jobid: 1
    reason: Missing output files: datasets/denv1/pathogen.json, datasets/denv1/genome_annotation.gff3, datasets/denv1/README.md, datasets/denv1/sequences.fasta, datasets/denv1/CHANGELOG.md; Input files updated by another job: auspice/tree_denv1.json
    wildcards: build_name=denv1
    resources: tmpdir=/tmp

[Mon Sep  9 15:32:19 2024]
Finished job 1.
21 of 25 steps (84%) done
[Mon Sep  9 15:32:19 2024]
Finished job 10.
22 of 25 steps (88%) done
Select jobs to execute...
Execute 1 jobs...

[Mon Sep  9 15:32:19 2024]
localrule augur_export:
    input: results/denv2/colors.tsv, resources/denv2/tree.nwk, resources/metadata.tsv, results/denv2/clades.json, results/denv2/nt_muts.json, results/denv2/aa_muts.json, resources/denv2/auspice_config.json
    output: auspice/tree_denv2.json
    jobid: 8
    reason: Missing output files: auspice/tree_denv2.json; Input files updated by another job: results/denv2/clades.json, results/denv2/nt_muts.json, results/denv2/aa_muts.json, results/denv2/colors.tsv
    wildcards: build_name=denv2
    resources: tmpdir=/tmp

[Mon Sep  9 15:32:20 2024]
Finished job 8.
23 of 25 steps (92%) done
Select jobs to execute...
Execute 1 jobs...

[Mon Sep  9 15:32:20 2024]
localrule assemble_dataset:
    input: resources/denv2/reference.fasta, auspice/tree_denv2.json, resources/denv2/pathogen.json, resources/denv2/sequences.fasta, resources/denv2/genome_annotation.gff3, resources/denv2/README.md, resources/denv2/CHANGELOG.md
    output: datasets/denv2/reference.fasta, datasets/denv2/tree.json, datasets/denv2/pathogen.json, datasets/denv2/sequences.fasta, datasets/denv2/genome_annotation.gff3, datasets/denv2/README.md, datasets/denv2/CHANGELOG.md
    jobid: 7
    reason: Missing output files: datasets/denv2/pathogen.json, datasets/denv2/genome_annotation.gff3, datasets/denv2/CHANGELOG.md, datasets/denv2/README.md, datasets/denv2/sequences.fasta; Input files updated by another job: auspice/tree_denv2.json
    wildcards: build_name=denv2
    resources: tmpdir=/tmp

[Mon Sep  9 15:32:20 2024]
Finished job 7.
24 of 25 steps (96%) done
Select jobs to execute...
Execute 1 jobs...

[Mon Sep  9 15:32:20 2024]
localrule all:
    input: datasets/denv1/pathogen.json, datasets/denv1/sequences.fasta, datasets/denv1/genome_annotation.gff3, datasets/denv1/README.md, datasets/denv1/CHANGELOG.md, datasets/denv2/pathogen.json, datasets/denv2/sequences.fasta, datasets/denv2/genome_annotation.gff3, datasets/denv2/README.md, datasets/denv2/CHANGELOG.md, datasets/denv3/pathogen.json, datasets/denv3/sequences.fasta, datasets/denv3/genome_annotation.gff3, datasets/denv3/README.md, datasets/denv3/CHANGELOG.md, datasets/denv4/pathogen.json, datasets/denv4/sequences.fasta, datasets/denv4/genome_annotation.gff3, datasets/denv4/README.md, datasets/denv4/CHANGELOG.md
    jobid: 0
    reason: Input files updated by another job: datasets/denv2/CHANGELOG.md, datasets/denv4/README.md, datasets/denv2/pathogen.json, datasets/denv3/pathogen.json, datasets/denv1/sequences.fasta, datasets/denv4/genome_annotation.gff3, datasets/denv4/CHANGELOG.md, datasets/denv2/genome_annotation.gff3, datasets/denv4/pathogen.json, datasets/denv3/CHANGELOG.md, datasets/denv4/sequences.fasta, datasets/denv1/CHANGELOG.md, datasets/denv1/pathogen.json, datasets/denv1/genome_annotation.gff3, datasets/denv3/genome_annotation.gff3, datasets/denv1/README.md, datasets/denv2/README.md, datasets/denv3/README.md, datasets/denv2/sequences.fasta, datasets/denv3/sequences.fasta
    resources: tmpdir=/tmp

[Mon Sep  9 15:32:20 2024]
Finished job 0.
25 of 25 steps (100%) done
Complete log: .snakemake/log/2024-09-09T153209.325349.snakemake.log
